android/app/build/intermediates/manifest_merge_blame_file/debug/manifest-merger-blame-debug-report.txt
1<?xml version="1.0" encoding="utf-8"?>
2<manifest xmlns:android="http://schemas.android.com/apk/res/android"
3    package="org.tensorflow.lite.examples.posenet"
4    android:versionCode="1"
5    android:versionName="1.0" >
6
7    <uses-sdk
7-->src\main\AndroidManifest.xml:5:5-17
8        android:minSdkVersion="21"
8-->src\main\AndroidManifest.xml:5:5-17
9        android:targetSdkVersion="26" />
9-->src\main\AndroidManifest.xml:5:5-17
10
11    <uses-permission android:name="android.permission.CAMERA" />
11-->src\main\AndroidManifest.xml:7:5-65
11-->src\main\AndroidManifest.xml:7:22-62
12
13    <uses-feature android:name="android.hardware.camera" />
13-->src\main\AndroidManifest.xml:9:5-60
13-->src\main\AndroidManifest.xml:9:19-57
14    <uses-feature android:name="android.hardware.camera.autofocus" />
14-->src\main\AndroidManifest.xml:10:5-70
14-->src\main\AndroidManifest.xml:10:19-67
15
16    <application
16-->src\main\AndroidManifest.xml:12:5-46:19
17        android:allowBackup="true"
17-->src\main\AndroidManifest.xml:13:9-35
18        android:appComponentFactory="androidx.core.app.CoreComponentFactory"
18-->[androidx.core:core:1.1.0] AndroidManifest.xml:24:18-86
19        android:debuggable="true"
20        android:icon="@mipmap/ic_launcher"
20-->src\main\AndroidManifest.xml:14:9-43
21        android:label="@string/app_name"
21-->src\main\AndroidManifest.xml:15:9-41
22        android:roundIcon="@mipmap/ic_launcher_round"
22-->src\main\AndroidManifest.xml:16:9-54
23        android:supportsRtl="true"
23-->src\main\AndroidManifest.xml:17:9-35
24        android:testOnly="true"
25        android:theme="@style/MaterialTheme" >
25-->src\main\AndroidManifest.xml:18:9-45
26        <activity
26-->src\main\AndroidManifest.xml:19:9-22:73
27            android:name="org.tensorflow.lite.examples.posenet.TutorActivity"
27-->src\main\AndroidManifest.xml:20:13-42
28            android:label="@string/tutor_name"
28-->src\main\AndroidManifest.xml:21:13-47
29            android:theme="@style/MaterialTheme.NoActionBar" />
29-->src\main\AndroidManifest.xml:22:13-61
30
31        <meta-data
31-->src\main\AndroidManifest.xml:24:9-26:35
32            android:name="android.max_aspect"
32-->src\main\AndroidManifest.xml:25:13-46
33            android:value="2.1" />
33-->src\main\AndroidManifest.xml:26:13-32
34
35        <activity
35-->src\main\AndroidManifest.xml:28:9-38:20
36            android:name="org.tensorflow.lite.examples.posenet.MainActivity"
36-->src\main\AndroidManifest.xml:29:13-41
37            android:label="@string/title_activity_main"
37-->src\main\AndroidManifest.xml:30:13-56
38            android:theme="@style/MaterialTheme.NoActionBar" >
38-->src\main\AndroidManifest.xml:31:13-61
39            <intent-filter>
39-->src\main\AndroidManifest.xml:32:13-37:29
40                <action android:name="android.intent.action.MAIN" />
40-->src\main\AndroidManifest.xml:33:17-69
40-->src\main\AndroidManifest.xml:33:25-66
41                <action android:name="android.intent.action.VIEW" />
41-->src\main\AndroidManifest.xml:34:17-69
41-->src\main\AndroidManifest.xml:34:25-66
42
43                <category android:name="android.intent.category.LAUNCHER" />
43-->src\main\AndroidManifest.xml:36:17-77
43-->src\main\AndroidManifest.xml:36:27-74
44            </intent-filter>
45        </activity>
46        <activity
46-->src\main\AndroidManifest.xml:39:9-42:57
47            android:name="org.tensorflow.lite.examples.posenet.TestActivity"
47-->src\main\AndroidManifest.xml:40:13-41
48            android:exported="true"
48-->src\main\AndroidManifest.xml:41:13-36
49            android:label="@string/app_name" />
49-->src\main\AndroidManifest.xml:42:13-45
50        <activity
50-->src\main\AndroidManifest.xml:43:9-45:48
51            android:name="org.tensorflow.lite.examples.posenet.CameraActivity"
51-->src\main\AndroidManifest.xml:44:13-43
52            android:exported="true" />
52-->src\main\AndroidManifest.xml:45:13-36
53
54        <provider
54-->[androidx.lifecycle:lifecycle-process:2.2.0] AndroidManifest.xml:25:9-29:43
55            android:name="androidx.lifecycle.ProcessLifecycleOwnerInitializer"
55-->[androidx.lifecycle:lifecycle-process:2.2.0] AndroidManifest.xml:26:13-79
56            android:authorities="org.tensorflow.lite.examples.posenet.lifecycle-process"
56-->[androidx.lifecycle:lifecycle-process:2.2.0] AndroidManifest.xml:27:13-69
57            android:exported="false"
57-->[androidx.lifecycle:lifecycle-process:2.2.0] AndroidManifest.xml:28:13-37
58            android:multiprocess="true" />
58-->[androidx.lifecycle:lifecycle-process:2.2.0] AndroidManifest.xml:29:13-40
59    </application>
60
61</manifest>